<?xml version="1.0" encoding="UTF-8"?>
<!-- Generated by org.testng.reporters.JUnitReportReporter -->
<testsuite hostname="IN-2953GK3" failures="0" tests="1" name="jenkins.FacebookLogin" time="5.333" errors="0" timestamp="11 Jan 2024 08:26:42 GMT" skipped="0">
  <testcase classname="jenkins.FacebookLogin" name="loginpage" time="5.333"/>
</testsuite> <!-- jenkins.FacebookLogin -->
